0 5.436
0.00152778 5.4361
0.00263889 5.43565
0.00447222 5.43569
0.00666667 5.43613
0.00786111 5.43655
0.00894444 5.43681
0.0101111 5.43701
0.0115278 5.43722
0.01275 5.43689
0.0137778 5.43645
0.0154167 5.43618
0.017 5.43625
0.0185278 5.4365
0.0199444 5.4367
0.0211667 5.43625
0.0223611 5.43561
0.0239444 5.43499
0.0253333 5.43424
0.0266944 5.43363
0.0281389 5.43304
0.0295556 5.43245
0.0308889 5.43177
0.0321944 5.43104
0.0339167 5.43041
0.0358056 5.42998
0.0374722 5.42951
0.0391389 5.42922
0.0408056 5.4291
0.0420833 5.42844
0.0437222 5.4278
0.0453333 5.4275
0.0471667 5.4273
0.0493611 5.42745
0.0521111 5.42807
0.0536944 5.42838
0.0553056 5.4286
0.0566667 5.42853
0.0573056 5.42809
0.0585 5.42747
0.0599444 5.4268
0.0611389 5.42533
0.0628889 5.42397
0.0642778 5.42256
0.0654444 5.421
0.0666944 5.41951
0.0679167 5.41786
0.0691111 5.41633
0.0715833 5.41517
0.0725278 5.41373
0.074 5.41204
0.0748889 5.4098
0.0768333 5.40779
0.0779167 5.40575
0.0791667 5.4036
0.0813333 5.40175
0.0836944 5.40033
0.0858611 5.39912
0.0874444 5.39798
0.0905556 5.39755
0.0918889 5.39694
0.0930278 5.39641
0.0944167 5.39583
0.096 5.39543
0.0971389 5.39485
0.0981389 5.39424
0.0999167 5.39347
0.101556 5.39279
0.102694 5.3918
0.104111 5.391
0.106278 5.39048
0.107972 5.39015
0.109472 5.38984
0.110417 5.38942
0.112111 5.38918
0.113639 5.38887
0.115083 5.38851
0.116389 5.38802
0.117556 5.38754
0.119833 5.38729
0.12175 5.38717
0.123444 5.38719
0.125028 5.38745
0.127361 5.38779
0.128778 5.38819
0.130833 5.38891
0.132056 5.38961
0.133944 5.39055
0.135444 5.39156
0.136722 5.39263
0.138306 5.39372
0.139556 5.39447
0.14125 5.39541
0.142667 5.39632
0.144139 5.39723
0.146028 5.39848
0.147333 5.39952
0.148972 5.40072
0.150806 5.40206
0.152611 5.40331
0.154111 5.40476
0.155361 5.40609
0.157528 5.40779
0.158778 5.40926
0.160833 5.41067
0.162361 5.41218
0.163556 5.41372
0.16575 5.41561
0.167056 5.41745
0.168833 5.41946
0.170611 5.42173
0.172056 5.4239
0.173417 5.42597
0.17475 5.42795
0.175944 5.42983
0.177861 5.43194
0.178833 5.43395
0.180361 5.43592
0.182056 5.43799
0.183278 5.43998
0.185889 5.44237
0.186833 5.44456
0.187806 5.44661
0.189306 5.4487
0.190889 5.45072
0.192111 5.45249
0.193139 5.454
0.194306 5.45532
0.195944 5.45662
0.197889 5.45814
0.199694 5.45971
0.201389 5.46129
0.202806 5.46271
0.204222 5.46383
0.205611 5.46445
0.206556 5.46484
0.208083 5.46519
0.20975 5.46565
0.211194 5.46639
0.212667 5.46723
0.214333 5.46814
0.215889 5.46917
0.217333 5.47007
0.219417 5.47122
0.220889 5.47247
0.222194 5.47373
0.223444 5.47498
0.224694 5.47624
0.226667 5.47731
0.228056 5.47852
0.229639 5.47977
0.231389 5.48131
0.232833 5.48266
0.235167 5.48444
0.236806 5.48635
0.23875 5.48815
0.240861 5.48985
0.242056 5.49118
0.243167 5.49233
0.245083 5.49304
0.246056 5.49361
0.24725 5.49419
0.248806 5.49483
0.250472 5.49549
0.251361 5.49606
0.252861 5.4968
0.254472 5.49747
0.255667 5.49797
0.256611 5.4984
0.258028 5.49883
0.259139 5.49887
0.260389 5.49875
0.261583 5.49853
0.262806 5.4984
0.264222 5.49818
0.265556 5.49788
0.266806 5.49753
0.267944 5.49711
0.269361 5.49679
0.271222 5.49632
0.272472 5.49562
0.273917 5.49483
0.274917 5.49384
0.276389 5.49255
0.277361 5.49112
0.278944 5.48953
0.280167 5.48795
0.282111 5.48641
0.283083 5.4847
0.284806 5.48316
0.286361 5.48163
0.287639 5.48012
0.288944 5.47849
0.291583 5.47732
0.292806 5.47606
0.295694 5.47518
0.297833 5.47461
0.299833 5.47418
0.300972 5.47349
0.302444 5.4727
0.304306 5.47204
0.305389 5.47133
0.306861 5.47038
0.308111 5.46944
0.308972 5.46807
0.310806 5.46683
0.312083 5.46563
0.313306 5.4641
0.314778 5.46263
0.316583 5.4612
0.318111 5.45969
0.319694 5.45824
0.321139 5.45684
0.322056 5.4553
0.323306 5.4538
0.32475 5.45214
0.32625 5.45069
0.327528 5.44916
0.3305 5.44811
0.332444 5.44733
0.333583 5.44602
0.33475 5.44481
0.336028 5.44373
0.338083 5.44285
0.339944 5.44208
0.341306 5.44137
0.343278 5.441
0.344306 5.44059
0.34625 5.4403
0.348389 5.44008
0.349778 5.43971
0.351639 5.4394
0.352611 5.43893
0.354417 5.43861
0.356194 5.43844
0.357222 5.43829
0.358472 5.43805
0.3605 5.43794
0.362139 5.4379
0.364972 5.43835
0.366167 5.43863
0.367778 5.43892
0.369361 5.43926
0.370778 5.43936
0.37175 5.43928
0.373139 5.43922
0.37425 5.43912
0.377472 5.43973
0.379083 5.4402
0.380639 5.44073
0.382472 5.44134
0.384139 5.44192
0.385417 5.44243
0.387417 5.44282
0.388861 5.44313
0.390667 5.44339
0.39275 5.44363
0.394778 5.44418
0.396778 5.44504
0.398056 5.44566
0.399472 5.44643
0.401611 5.44753
0.403083 5.4486
0.403583 5.44923
0.405194 5.45012
0.407306 5.45122
0.409472 5.45251
0.411778 5.45418
0.412972 5.45593
0.414528 5.45771
0.4155 5.45942
0.416028 5.46086
0.417694 5.46245
0.419111 5.4641
0.42125 5.46599
0.423444 5.46817
0.423917 5.47004
0.426222 5.47232
0.428 5.47471
0.4295 5.47694
0.430861 5.47919
0.432972 5.48166
0.435 5.48448
0.437472 5.48762
0.438944 5.49091
0.440722 5.49425
0.441944 5.49754
0.4425 5.50031
0.444722 5.50349
0.445722 5.50639
0.447472 5.50933
0.448583 5.51217
0.449556 5.51487
0.451139 5.51716
0.452667 5.51954
0.454111 5.52137
0.455167 5.5228
0.456611 5.52401
0.458222 5.52538
0.460083 5.52688
0.460944 5.528
0.462361 5.52923
0.463639 5.53038
0.464528 5.53138
0.466111 5.53264
0.467389 5.53368
0.469694 5.53509
0.470417 5.5363
0.472472 5.5377
0.473917 5.53897
0.474861 5.54001
0.476389 5.54102
0.477861 5.54203
0.480333 5.54359
0.480778 5.54484
0.482056 5.54602
0.483667 5.54723
0.485556 5.54865
0.48725 5.54959
0.489306 5.55057
0.490889 5.55169
0.491972 5.55277
0.493389 5.5539
0.494639 5.55472
0.496889 5.55567
0.498861 5.55683
0.500139 5.55774
0.501444 5.55873
0.503444 5.55973
0.50575 5.56078
0.507333 5.5619
0.509139 5.56298
0.511 5.56437
0.512944 5.56579
0.514833 5.56725
0.515444 5.56853
0.517472 5.57009
0.519083 5.57148
0.520472 5.57276
0.522056 5.57358
0.524 5.57467
0.525611 5.57574
0.527694 5.57698
0.529333 5.57829
0.533111 5.5806
0.534639 5.58294
0.536972 5.58569
0.538417 5.58777
0.540167 5.58988
0.541639 5.59194
0.543417 5.59396
0.5445 5.59575
0.546111 5.59765
0.547806 5.59941
0.549556 5.60127
0.551472 5.60314
0.553556 5.605
0.554833 5.60657
0.555917 5.6078
0.557861 5.60925
0.559056 5.61061
0.560944 5.61186
0.562917 5.61328
0.565139 5.61531
0.566889 5.61736
0.569 5.6194
0.570222 5.62108
0.571167 5.62225
0.57275 5.62354
0.574306 5.62483
0.575889 5.62632
0.578083 5.6284
0.579889 5.6305
0.581361 5.63261
0.582778 5.63443
0.583972 5.63588
0.585472 5.63768
0.587028 5.63919
0.587889 5.64036
0.589139 5.64143
0.590694 5.64255
0.592722 5.64364
0.593444 5.64424
0.595278 5.64461
0.596944 5.64504
0.598222 5.64529
0.60025 5.64583
0.602639 5.64702
0.603917 5.64786
0.605333 5.64884
0.6075 5.64996
0.608472 5.65102
0.609778 5.65219
0.610806 5.65315
0.611694 5.65387
0.612944 5.65451
0.615194 5.65558
0.616778 5.65668
0.618444 5.65779
0.619972 5.65878
0.621222 5.65989
0.622417 5.66091
0.624667 5.66227
0.626667 5.66402
0.628333 5.66578
0.630722 5.66792
0.632917 5.67
0.634806 5.67248
0.635972 5.67462
0.637167 5.67664
0.639389 5.6791
0.641861 5.68188
0.643028 5.68452
0.644556 5.6868
0.645944 5.68939
0.647139 5.69193
0.649028 5.69454
0.650861 5.6971
0.651806 5.69937
0.652833 5.70125
0.656528 5.70386
0.658722 5.70686
0.660028 5.70978
0.661583 5.71278
0.662667 5.71533
0.664556 5.71783
0.6655 5.72018
0.666722 5.72248
0.667889 5.72445
0.669556 5.72618
0.671056 5.72786
0.673472 5.72974
0.673944 5.7311
0.676389 5.73263
0.678083 5.73407
0.679056 5.73563
0.680778 5.73707
0.682444 5.73851
0.684 5.73999
0.68525 5.74134
0.68725 5.7427
0.688556 5.74393
0.69075 5.74519
0.693278 5.74676
0.694694 5.74746
0.695861 5.74803
0.697444 5.74832
0.6995 5.74882
0.700833 5.74918
0.702417 5.74956
0.704139 5.74993
0.70625 5.75066
0.708083 5.75146
0.709639 5.75221
0.710083 5.75248
0.711972 5.75273
0.71325 5.75269
0.714389 5.75261
0.715667 5.75259
0.716639 5.75222
0.718 5.75192
0.719278 5.7514
0.720944 5.75078
0.722389 5.74988
0.723889 5.7489
0.725306 5.74768
0.727306 5.74676
0.72825 5.74584
0.730222 5.74507
0.731944 5.74437
0.734972 5.7442
0.73625 5.74369
0.736611 5.74268
0.73875 5.74191
0.73975 5.741
0.7415 5.7403
0.743917 5.73994
0.746889 5.74009
0.7485 5.74051
0.749528 5.74084
0.75125 5.74123
0.753222 5.7416
0.754528 5.74218
0.756167 5.74267
0.757972 5.74322
0.758639 5.74354
0.759833 5.74355
0.761083 5.74315
0.762333 5.74275
0.763611 5.74231
0.765556 5.74178
0.766444 5.74123
0.76825 5.74087
0.769611 5.74063
0.770917 5.74055
0.772389 5.74054
0.774167 5.74037
0.776194 5.74035
0.776639 5.7399
0.777972 5.73938
0.780389 5.73929
0.782389 5.73948
0.784361 5.73958
0.785917 5.73951
0.788028 5.73961
0.789778 5.73947
0.791306 5.7391
0.79275 5.73857
0.794778 5.73835
0.796639 5.73838
0.798139 5.73814
0.799444 5.73749
0.801083 5.73702
0.803167 5.73675
0.804222 5.73636
0.805639 5.73606
0.807306 5.73567
0.808222 5.73497
0.810028 5.73458
0.811028 5.73418
0.812639 5.73304
0.814306 5.73172
0.815833 5.73049
0.816528 5.72897
0.818861 5.72791
0.82175 5.72722
0.823694 5.7269
0.825639 5.72684
0.828056 5.72723
0.829333 5.72748
0.831639 5.72801
0.833278 5.72826
0.834667 5.72884
0.836611 5.72923
0.838194 5.72958
0.840028 5.73023
0.841611 5.73083
0.843083 5.73135
0.844611 5.73186
0.845806 5.73234
0.847306 5.73264
0.848833 5.73301
0.850194 5.73308
0.851417 5.73268
0.853583 5.73255
0.854556 5.73236
0.855833 5.73205
0.857278 5.73153
0.859444 5.73132
0.8615 5.73128
0.863111 5.73119
0.865944 5.73137
0.867722 5.73153
0.869778 5.73186
0.871528 5.73266
0.873083 5.73334
0.874778 5.73415
0.8765 5.73517
0.877472 5.73607
0.879111 5.7372
0.880667 5.73839
0.881806 5.73951
0.883861 5.74077
0.885222 5.74198
0.887333 5.7434
0.888806 5.74483
0.890611 5.74617
0.8915 5.74748
0.894222 5.74904
0.895806 5.75054
0.897361 5.7515
0.899167 5.75263
0.90025 5.75401
0.901556 5.75508
0.903389 5.75644
0.906278 5.7582
0.90925 5.76014
0.911194 5.76169
0.912667 5.76317
0.914111 5.76479
0.915083 5.76612
0.916139 5.76711
0.916528 5.76776
0.917833 5.76828
0.919889 5.76889
0.92125 5.76974
0.922361 5.77055
0.925417 5.77201
0.927056 5.77359
0.93025 5.77584
0.931722 5.7779
0.934472 5.78061
0.936389 5.78334
0.937028 5.78577
0.938583 5.78827
0.940361 5.79086
0.942389 5.79351
0.945306 5.79646
0.946556 5.79966
0.947556 5.80272
0.948028 5.80504
0.949028 5.80698
0.951 5.8089
0.95325 5.81105
0.954583 5.8129
0.956528 5.8148
0.958056 5.81668
0.959806 5.81866
0.961472 5.82048
0.962833 5.8221
0.965139 5.824
0.966583 5.82593
0.968111 5.8278
0.969861 5.82954
0.970444 5.83108
0.972111 5.8327
0.973222 5.8341
0.975278 5.8359
0.9775 5.83783
0.980139 5.84033
0.983056 5.84328
0.984639 5.84617
0.986194 5.84904
0.987583 5.85213
0.9885 5.85468
0.990444 5.85686
0.993278 5.85934
0.994944 5.8617
0.996806 5.86383
0.998083 5.86594
1.00075 5.86816
1.00225 5.87031
1.00397 5.87256
1.00594 5.87479
1.00733 5.87693
1.00908 5.87902
1.01078 5.88113
1.01203 5.88314
1.01425 5.88538
1.01622 5.88788
1.01925 5.8909
1.02103 5.89398
1.02256 5.89709
1.02531 5.90072
1.02658 5.90399
1.02842 5.90754
1.02969 5.91106
1.03111 5.91453
1.03256 5.9177
1.03414 5.92067
1.03564 5.92358
1.03842 5.92643
1.04036 5.92932
1.04197 5.93201
1.04317 5.93448
1.04469 5.93692
1.04619 5.93926
1.04772 5.94151
1.04961 5.94406
1.05231 5.94697
1.05428 5.95
1.05706 5.95359
1.0595 5.95729
1.06217 5.96141
1.06458 5.96561
1.06708 5.97013
1.06867 5.97453
1.07056 5.97925
1.07217 5.98351
1.07439 5.98797
1.07633 5.99252
1.07739 5.99675
1.08078 6.00178
1.0825 6.0069
1.08508 6.01224
1.08736 6.01731
1.08858 6.02169
1.091 6.02621
1.09256 6.0307
1.09431 6.03527
1.09628 6.04014
1.09947 6.04574
1.10111 6.05174
1.10383 6.05818
1.10561 6.06446
1.10669 6.07057
1.10975 6.07733
1.11103 6.08337
1.11325 6.08957
1.11506 6.0952
1.11692 6.10092
1.11964 6.10657
1.12311 6.11273
1.12475 6.11918
1.12636 6.12559
1.12786 6.13183
1.13003 6.13806
1.13161 6.14375
1.13331 6.14955
1.13539 6.15567
1.13772 6.1624
1.13975 6.16944
1.142 6.1765
1.14417 6.18347
1.14586 6.1905
1.14733 6.19728
1.14956 6.20425
1.15206 6.21141
1.1535 6.21843
1.15544 6.22559
1.15725 6.23249
1.15975 6.23971
1.16122 6.24683
1.16311 6.25393
1.16606 6.26181
1.16794 6.26969
1.16972 6.27774
1.17283 6.28608
1.17411 6.294
1.17586 6.30152
1.17928 6.30914
1.18169 6.31699
1.18306 6.32469
1.185 6.33251
1.18631 6.3404
1.18875 6.34839
1.19028 6.35582
1.19197 6.36319
1.19408 6.37058
1.19639 6.37827
1.20003 6.38622
1.20197 6.39426
1.20325 6.40206
1.20611 6.4101
1.20775 6.41815
1.21064 6.42653
1.21228 6.4348
1.21694 6.44422
1.21761 6.45299
1.21844 6.46126
1.22033 6.46904
1.22222 6.47678
1.22481 6.48482
1.22756 6.49278
1.22881 6.50065
1.23133 6.5087
1.23269 6.51669
1.23372 6.52446
1.23853 6.53337
1.24025 6.54223
1.24175 6.55101
1.24392 6.55948
1.24583 6.56786
1.24764 6.57622
1.25133 6.5854
1.25347 6.5947
1.25467 6.60381
1.25644 6.61291
1.2585 6.62198
1.26 6.63053
1.263 6.63936
1.26439 6.64761
1.26558 6.65532
1.26669 6.6624
1.26911 6.66941
1.27147 6.67629
1.27303 6.6831
1.27669 6.69048
1.27844 6.69783
1.28006 6.70489
1.28239 6.71203
1.28444 6.71945
1.286 6.72613
1.28772 6.73275
1.29122 6.73963
1.29567 6.74723
1.29756 6.75498
1.30017 6.76273
1.30169 6.7704
1.30356 6.77802
1.30503 6.78539
1.30911 6.79301
1.30956 6.80012
1.31097 6.80669
1.31461 6.81386
1.31589 6.82103
1.31744 6.82759
1.32125 6.835
1.32358 6.84237
1.32556 6.84972
1.32742 6.857
1.3325 6.86506
1.33422 6.87241
1.33542 6.87953
1.33789 6.88688
1.33903 6.89404
1.34069 6.90094
1.34536 6.90888
1.34728 6.91682
1.34769 6.92408
1.34908 6.93093
1.35111 6.93771
1.35278 6.94421
1.35422 6.95039
1.35636 6.95667
1.35853 6.96313
1.36117 6.96968
1.36286 6.97587
1.36492 6.98222
1.36864 6.98915
1.371 6.99621
1.37331 7.00313
1.37536 7.01019
1.37714 7.01713
1.37894 7.0236
1.38078 7.02999
1.38217 7.03617
1.38386 7.04177
1.38608 7.04767
1.38831 7.05367
1.39039 7.05913
1.39164 7.06412
1.39653 7.07033
1.39931 7.07678
1.40236 7.08379
1.40364 7.09031
1.4055 7.09689
1.40803 7.1037
1.41022 7.11047
1.41139 7.11677
1.41319 7.12234
1.4175 7.12871
1.41822 7.13481
1.42008 7.14049
1.42147 7.14603
1.42508 7.15177
1.42842 7.15806
1.42928 7.16292
1.43094 7.16809
1.43244 7.17345
1.4335 7.17845
1.43492 7.18324
1.43764 7.18803
1.43808 7.19194
1.44003 7.19606
1.44131 7.19969
1.44192 7.20301
1.44381 7.20661
1.44772 7.20985
1.45028 7.21337
1.45314 7.21733
1.45517 7.22121
1.45803 7.22539
1.45958 7.22943
1.46136 7.23275
1.46314 7.2359
1.46483 7.2392
1.46672 7.24251
1.46889 7.24582
1.47067 7.24921
1.47231 7.25206
1.47481 7.25529
1.47825 7.2593
